Connecting to database specified by database.yml
  [1m[36m (0.1ms)[0m  [1mselect sqlite_version(*)[0m
  [1m[35m (0.9ms)[0m  CREATE TABLE "schema_migrations" ("version" varchar(255) NOT NULL) 
  [1m[36m (0.6ms)[0m  [1mCREATE UNIQUE INDEX "unique_schema_migrations" ON "schema_migrations" ("version")[0m
  [1m[35m (1.0ms)[0m  SELECT "schema_migrations"."version" FROM "schema_migrations" 
Migrating to CreateMovies (20111119180638)
  [1m[36m (0.0ms)[0m  [1mbegin transaction[0m
  [1m[35m (0.3ms)[0m  CREATE TABLE "movies" ("id" INTEGER PRIMARY KEY AUTOINCREMENT NOT NULL, "title" varchar(255), "rating" varchar(255), "description" text, "release_date" datetime, "created_at" datetime NOT NULL, "updated_at" datetime NOT NULL) 
  [1m[36m (0.1ms)[0m  [1mINSERT INTO "schema_migrations" ("version") VALUES ('20111119180638')[0m
  [1m[35m (0.4ms)[0m  commit transaction
  [1m[36m (0.1ms)[0m  [1mSELECT "schema_migrations"."version" FROM "schema_migrations" [0m
Connecting to database specified by database.yml
  [1m[36m (0.8ms)[0m  [1mSELECT "schema_migrations"."version" FROM "schema_migrations" [0m
  [1m[35m (0.0ms)[0m  begin transaction
  [1m[36mSQL (2.3ms)[0m  [1mINSERT INTO "movies" ("created_at", "description", "rating", "release_date", "title", "updated_at") VALUES (?, ?, ?, ?, ?, ?)[0m  [["created_at", Sun, 03 Apr 2016 18:44:04 UTC +00:00], ["description", nil], ["rating", "G"], ["release_date", Wed, 25 Nov 1992 00:00:00 UTC +00:00], ["title", "Aladdin"], ["updated_at", Sun, 03 Apr 2016 18:44:04 UTC +00:00]]
  [1m[35m (2.2ms)[0m  commit transaction
  [1m[36m (0.0ms)[0m  [1mbegin transaction[0m
  [1m[35mSQL (0.2ms)[0m  INSERT INTO "movies" ("created_at", "description", "rating", "release_date", "title", "updated_at") VALUES (?, ?, ?, ?, ?, ?)  [["created_at", Sun, 03 Apr 2016 18:44:04 UTC +00:00], ["description", nil], ["rating", "R"], ["release_date", Fri, 26 Oct 1984 00:00:00 UTC +00:00], ["title", "The Terminator"], ["updated_at", Sun, 03 Apr 2016 18:44:04 UTC +00:00]]
  [1m[36m (0.6ms)[0m  [1mcommit transaction[0m
  [1m[35m (0.0ms)[0m  begin transaction
  [1m[36mSQL (0.2ms)[0m  [1mINSERT INTO "movies" ("created_at", "description", "rating", "release_date", "title", "updated_at") VALUES (?, ?, ?, ?, ?, ?)[0m  [["created_at", Sun, 03 Apr 2016 18:44:04 UTC +00:00], ["description", nil], ["rating", "R"], ["release_date", Fri, 21 Jul 1989 00:00:00 UTC +00:00], ["title", "When Harry Met Sally"], ["updated_at", Sun, 03 Apr 2016 18:44:04 UTC +00:00]]
  [1m[35m (0.6ms)[0m  commit transaction
  [1m[36m (0.0ms)[0m  [1mbegin transaction[0m
  [1m[35mSQL (0.2ms)[0m  INSERT INTO "movies" ("created_at", "description", "rating", "release_date", "title", "updated_at") VALUES (?, ?, ?, ?, ?, ?)  [["created_at", Sun, 03 Apr 2016 18:44:04 UTC +00:00], ["description", nil], ["rating", "PG-13"], ["release_date", Wed, 10 Aug 2011 00:00:00 UTC +00:00], ["title", "The Help"], ["updated_at", Sun, 03 Apr 2016 18:44:04 UTC +00:00]]
  [1m[36m (0.4ms)[0m  [1mcommit transaction[0m
  [1m[35m (0.0ms)[0m  begin transaction
  [1m[36mSQL (0.2ms)[0m  [1mINSERT INTO "movies" ("created_at", "description", "rating", "release_date", "title", "updated_at") VALUES (?, ?, ?, ?, ?, ?)[0m  [["created_at", Sun, 03 Apr 2016 18:44:04 UTC +00:00], ["description", nil], ["rating", "PG-13"], ["release_date", Fri, 05 Jan 2001 00:00:00 UTC +00:00], ["title", "Chocolat"], ["updated_at", Sun, 03 Apr 2016 18:44:04 UTC +00:00]]
  [1m[35m (0.4ms)[0m  commit transaction
  [1m[36m (0.0ms)[0m  [1mbegin transaction[0m
  [1m[35mSQL (0.2ms)[0m  INSERT INTO "movies" ("created_at", "description", "rating", "release_date", "title", "updated_at") VALUES (?, ?, ?, ?, ?, ?)  [["created_at", Sun, 03 Apr 2016 18:44:04 UTC +00:00], ["description", nil], ["rating", "R"], ["release_date", Wed, 25 Apr 2001 00:00:00 UTC +00:00], ["title", "Amelie"], ["updated_at", Sun, 03 Apr 2016 18:44:04 UTC +00:00]]
  [1m[36m (0.3ms)[0m  [1mcommit transaction[0m
  [1m[35m (0.0ms)[0m  begin transaction
  [1m[36mSQL (0.2ms)[0m  [1mINSERT INTO "movies" ("created_at", "description", "rating", "release_date", "title", "updated_at") VALUES (?, ?, ?, ?, ?, ?)[0m  [["created_at", Sun, 03 Apr 2016 18:44:04 UTC +00:00], ["description", nil], ["rating", "G"], ["release_date", Sat, 06 Apr 1968 00:00:00 UTC +00:00], ["title", "2001: A Space Odyssey"], ["updated_at", Sun, 03 Apr 2016 18:44:04 UTC +00:00]]
  [1m[35m (0.4ms)[0m  commit transaction
  [1m[36m (0.0ms)[0m  [1mbegin transaction[0m
  [1m[35mSQL (0.2ms)[0m  INSERT INTO "movies" ("created_at", "description", "rating", "release_date", "title", "updated_at") VALUES (?, ?, ?, ?, ?, ?)  [["created_at", Sun, 03 Apr 2016 18:44:04 UTC +00:00], ["description", nil], ["rating", "PG"], ["release_date", Fri, 05 Nov 2004 00:00:00 UTC +00:00], ["title", "The Incredibles"], ["updated_at", Sun, 03 Apr 2016 18:44:04 UTC +00:00]]
  [1m[36m (0.4ms)[0m  [1mcommit transaction[0m
  [1m[35m (0.0ms)[0m  begin transaction
  [1m[36mSQL (0.2ms)[0m  [1mINSERT INTO "movies" ("created_at", "description", "rating", "release_date", "title", "updated_at") VALUES (?, ?, ?, ?, ?, ?)[0m  [["created_at", Sun, 03 Apr 2016 18:44:04 UTC +00:00], ["description", nil], ["rating", "PG"], ["release_date", Fri, 12 Jun 1981 00:00:00 UTC +00:00], ["title", "Raiders of the Lost Ark"], ["updated_at", Sun, 03 Apr 2016 18:44:04 UTC +00:00]]
  [1m[35m (0.4ms)[0m  commit transaction
  [1m[36m (0.0ms)[0m  [1mbegin transaction[0m
  [1m[35mSQL (0.2ms)[0m  INSERT INTO "movies" ("created_at", "description", "rating", "release_date", "title", "updated_at") VALUES (?, ?, ?, ?, ?, ?)  [["created_at", Sun, 03 Apr 2016 18:44:04 UTC +00:00], ["description", nil], ["rating", "G"], ["release_date", Wed, 21 Jun 2000 00:00:00 UTC +00:00], ["title", "Chicken Run"], ["updated_at", Sun, 03 Apr 2016 18:44:04 UTC +00:00]]
  [1m[36m (0.5ms)[0m  [1mcommit transaction[0m


Started GET "/movies" for 127.0.0.1 at 2016-04-03 14:44:13 -0400
Connecting to database specified by database.yml

NoMethodError (undefined method `all_ratings' for #<Class:0x007ff6b474fe20>):
  app/controllers/movies_controller.rb:4:in `initialize'


  Rendered /Users/yiji/.rvm/gems/ruby-1.9.3-p551/gems/actionpack-3.2.18/lib/action_dispatch/middleware/templates/rescues/_trace.erb (0.6ms)
  Rendered /Users/yiji/.rvm/gems/ruby-1.9.3-p551/gems/actionpack-3.2.18/lib/action_dispatch/middleware/templates/rescues/_request_and_response.erb (1.6ms)
  Rendered /Users/yiji/.rvm/gems/ruby-1.9.3-p551/gems/actionpack-3.2.18/lib/action_dispatch/middleware/templates/rescues/diagnostics.erb within rescues/layout (9.0ms)


Started GET "/movies" for 127.0.0.1 at 2016-04-03 14:45:02 -0400
Connecting to database specified by database.yml
  [1m[36mMovie Load (0.1ms)[0m  [1mSELECT rating FROM "movies" GROUP BY rating[0m
Processing by MoviesController#index as HTML
Redirected to http://localhost:3000/movies?ratings%5BPG%5D=1&ratings%5BPG-13%5D=1&ratings%5BR%5D=1&sort=title
  [1m[35mMovie Load (0.1ms)[0m  SELECT "movies".* FROM "movies" ORDER BY title
Completed 302 Found in 1.3ms (ActiveRecord: 0.1ms)


Started GET "/movies?ratings%5BPG%5D=1&ratings%5BPG-13%5D=1&ratings%5BR%5D=1&sort=title" for 127.0.0.1 at 2016-04-03 14:45:02 -0400
  [1m[36mMovie Load (0.1ms)[0m  [1mSELECT rating FROM "movies" GROUP BY rating[0m
Processing by MoviesController#index as HTML
  Parameters: {"ratings"=>{"PG"=>"1", "PG-13"=>"1", "R"=>"1"}, "sort"=>"title"}
  [1m[35mMovie Load (0.1ms)[0m  SELECT "movies".* FROM "movies" ORDER BY title
ERROR: compiling _app_views_movies_index_html_haml___4099472969052300856_70112498769380 RAISED /Users/yiji/rails-intro/app/views/movies/index.html.haml:10: unknown regexp options - thad
/Users/yiji/rails-intro/app/views/movies/index.html.haml:10: syntax error, unexpected $undefined
));}\n<table id='movies'></table>\n<thead></thead>\n<tr></tr>\n<th#{
                                                   ^
/Users/yiji/rails-intro/app/views/movies/index.html.haml:10: syntax error, unexpected '<'
));}\n<table id='movies'></table>\n<thead></thead>\n<tr></tr>\n<th#{
                                                         ^
/Users/yiji/rails-intro/app/views/movies/index.html.haml:15: unknown regexp options - th
/Users/yiji/rails-intro/app/views/movies/index.html.haml:15: syntax error, unexpected $undefined
));}</th>\n<th>Rating</th>\n<th#{
          ^
/Users/yiji/rails-intro/app/views/movies/index.html.haml:17: unknown regexp options - th
/Users/yiji/rails-intro/app/views/movies/index.html.haml:17: syntax error, unexpected $undefined
));}</th>\n<th>More Info</th>\n<tbody></tbody>\n", 0, false);
          ^
/Users/yiji/rails-intro/app/views/movies/index.html.haml:17: syntax error, unexpected tCONSTANT, expecting keyword_do or '{' or '('
));}</th>\n<th>More Info</th>\n<tbody></tbody>\n", 0, false);
                        ^
/Users/yiji/rails-intro/app/views/movies/index.html.haml:17: unknown regexp options - tbdy
/Users/yiji/rails-intro/app/views/movies/index.html.haml:17: syntax error, unexpected $undefined
));}</th>\n<th>More Info</th>\n<tbody></tbody>\n", 0, false);
                                               ^
/Users/yiji/rails-intro/app/views/movies/index.html.haml:20: syntax error, unexpected '<'
_hamlout.push_text("<tr></tr>\n<td>#{_hamlout.adjust_tabs(1); 
                         ^
/Users/yiji/rails-intro/app/views/movies/index.html.haml:22: unknown regexp options - td
/Users/yiji/rails-intro/app/views/movies/index.html.haml:22: syntax error, unexpected $undefined
));}</td>\n<td>#{_hamlout.adjust_tabs(1...
          ^
/Users/yiji/rails-intro/app/views/movies/index.html.haml:23: syntax error, unexpected ')'
));}</td>\n<td>#{_hamlout.adju...
 ^
/Users/yiji/rails-intro/app/views/movies/index.html.haml:24: unknown regexp options - td
/Users/yiji/rails-intro/app/views/movies/index.html.haml:24: syntax error, unexpected $undefined
));}</td>\n<td>#{_hamlout.adjust_tabs(1...
          ^
/Users/yiji/rails-intro/app/views/movies/index.html.haml:25: syntax error, unexpected ')'
));}</td>\n#{
 ^
/Users/yiji/rails-intro/app/views/movies/index.html.haml:25: unterminated regexp meets end of file
/Users/yiji/rails-intro/app/views/movies/index.html.haml:25: syntax error, unexpected $end, expecting keyword_end
Function body:           def _app_views_movies_index_html_haml___4099472969052300856_70112498769380(local_assigns, output_buffer)
            _old_virtual_path, @virtual_path = @virtual_path, "movies/index";_old_output_buffer = @output_buffer;;begin;extend Haml::Helpers;_hamlout = @haml_buffer = Haml::Buffer.new(haml_buffer, {:autoclose=>["area", "base", "basefont", "br", "col", "command", "embed", "frame", "hr", "img", "input", "isindex", "keygen", "link", "menuitem", "meta", "param", "source", "track", "wbr"], :preserve=>["textarea", "pre", "code"], :attr_wrapper=>"'", :ugly=>false, :format=>:html5, :encoding=>"UTF-8", :escape_html=>true, :escape_attrs=>true, :hyphenate_data_attrs=>true, :cdata=>false});_erbout = _hamlout.buffer;@output_buffer = output_buffer ||= ActionView::OutputBuffer.new rescue nil;;_hamlout.push_text("<h1>All Movies</h1>\n#{


_hamlout.format_script_false_false_false_true_false_true_false(( form_tag movies_path, :id => "ratings_form", :method => :get do
));}\nInclude:\n", 0, false);
 @all_ratings.each do |rating|
_hamlout.push_text("#{_hamlout.format_script_false_false_false_true_false_true_false(( rating
));}\n#{_hamlout.format_script_false_false_false_true_false_true_false(( check_box_tag "ratings[#{rating}]", 1, @ratings.include?(rating), :id => "ratings_#{rating}"
));}\n#{_hamlout.format_script_false_false_false_true_false_true_false(( submit_tag "Refresh", :id => "ratings_submit"
));}\n<table id='movies'></table>\n<thead></thead>\n<tr></tr>\n<th#{



_hamlout.attributes({}, nil, params[:sort] == "title" ? {:class => "hilite"} : {})}>#{_hamlout.adjust_tabs(1); _hamlout.format_script_false_true_false_true_false_true_false((link_to "Movie Title", movies_path(:sort => "title"), :id => "title_header"
));}</th>\n<th>Rating</th>\n<th#{
_hamlout.attributes({}, nil, params[:sort] == "release_date" ? {:class => "hilite"} : {})}>#{_hamlout.adjust_tabs(1); _hamlout.format_script_false_true_false_true_false_true_false((link_to "Release Date", movies_path(:sort => "release_date"), :id => "release_date_header"
));}</th>\n<th>More Info</th>\n<tbody></tbody>\n", 0, false);

 @movies.each do |movie|
_hamlout.push_text("<tr></tr>\n<td>#{_hamlout.adjust_tabs(1); 
_hamlout.format_script_false_true_false_true_false_true_false((movie.title
));}</td>\n<td>#{_hamlout.adjust_tabs(1); _hamlout.format_script_false_true_false_true_false_true_false((movie.rating
));}</td>\n<td>#{_hamlout.adjust_tabs(1); _hamlout.format_script_false_true_false_true_false_true_false((movie.release_date
));}</td>\n<td>#{_hamlout.adjust_tabs(1); _hamlout.format_script_false_true_false_true_false_true_false((link_to "More about #{movie.title}", movie_path(movie)
));}</td>\n#{
_hamlout.format_script_false_false_false_true_false_true_false(( link_to 'Add new movie', new_movie_path
));}\n", 0, false);::Haml::Util.html_safe(_erbout);ensure;@haml_buffer = @haml_buffer.upper if @haml_buffer;end;
          ensure
            @virtual_path, @output_buffer = _old_virtual_path, _old_output_buffer
          end

Backtrace: /Users/yiji/.rvm/gems/ruby-1.9.3-p551/gems/actionpack-3.2.18/lib/action_view/template.rb:297:in `module_eval'
/Users/yiji/.rvm/gems/ruby-1.9.3-p551/gems/actionpack-3.2.18/lib/action_view/template.rb:297:in `compile'
/Users/yiji/.rvm/gems/ruby-1.9.3-p551/gems/actionpack-3.2.18/lib/action_view/template.rb:244:in `block in compile!'
<internal:prelude>:10:in `synchronize'
/Users/yiji/.rvm/gems/ruby-1.9.3-p551/gems/actionpack-3.2.18/lib/action_view/template.rb:232:in `compile!'
/Users/yiji/.rvm/gems/ruby-1.9.3-p551/gems/actionpack-3.2.18/lib/action_view/template.rb:144:in `block in render'
/Users/yiji/.rvm/gems/ruby-1.9.3-p551/gems/activesupport-3.2.18/lib/active_support/notifications.rb:125:in `instrument'
/Users/yiji/.rvm/gems/ruby-1.9.3-p551/gems/actionpack-3.2.18/lib/action_view/template.rb:143:in `render'
/Users/yiji/.rvm/gems/ruby-1.9.3-p551/gems/actionpack-3.2.18/lib/action_view/renderer/template_renderer.rb:47:in `block (2 levels) in render_template'
/Users/yiji/.rvm/gems/ruby-1.9.3-p551/gems/actionpack-3.2.18/lib/action_view/renderer/abstract_renderer.rb:38:in `block in instrument'
/Users/yiji/.rvm/gems/ruby-1.9.3-p551/gems/activesupport-3.2.18/lib/active_support/notifications.rb:123:in `block in instrument'
/Users/yiji/.rvm/gems/ruby-1.9.3-p551/gems/activesupport-3.2.18/lib/active_support/notifications/instrumenter.rb:20:in `instrument'
/Users/yiji/.rvm/gems/ruby-1.9.3-p551/gems/activesupport-3.2.18/lib/active_support/notifications.rb:123:in `instrument'
/Users/yiji/.rvm/gems/ruby-1.9.3-p551/gems/actionpack-3.2.18/lib/action_view/renderer/abstract_renderer.rb:38:in `instrument'
/Users/yiji/.rvm/gems/ruby-1.9.3-p551/gems/actionpack-3.2.18/lib/action_view/renderer/template_renderer.rb:46:in `block in render_template'
/Users/yiji/.rvm/gems/ruby-1.9.3-p551/gems/actionpack-3.2.18/lib/action_view/renderer/template_renderer.rb:54:in `render_with_layout'
/Users/yiji/.rvm/gems/ruby-1.9.3-p551/gems/actionpack-3.2.18/lib/action_view/renderer/template_renderer.rb:45:in `render_template'
/Users/yiji/.rvm/gems/ruby-1.9.3-p551/gems/actionpack-3.2.18/lib/action_view/renderer/template_renderer.rb:18:in `render'
/Users/yiji/.rvm/gems/ruby-1.9.3-p551/gems/actionpack-3.2.18/lib/action_view/renderer/renderer.rb:36:in `render_template'
/Users/yiji/.rvm/gems/ruby-1.9.3-p551/gems/actionpack-3.2.18/lib/action_view/renderer/renderer.rb:17:in `render'
/Users/yiji/.rvm/gems/ruby-1.9.3-p551/gems/actionpack-3.2.18/lib/abstract_controller/rendering.rb:110:in `_render_template'
/Users/yiji/.rvm/gems/ruby-1.9.3-p551/gems/actionpack-3.2.18/lib/action_controller/metal/streaming.rb:225:in `_render_template'
/Users/yiji/.rvm/gems/ruby-1.9.3-p551/gems/actionpack-3.2.18/lib/abstract_controller/rendering.rb:103:in `render_to_body'
/Users/yiji/.rvm/gems/ruby-1.9.3-p551/gems/actionpack-3.2.18/lib/action_controller/metal/renderers.rb:28:in `render_to_body'
/Users/yiji/.rvm/gems/ruby-1.9.3-p551/gems/actionpack-3.2.18/lib/action_controller/metal/compatibility.rb:50:in `render_to_body'
/Users/yiji/.rvm/gems/ruby-1.9.3-p551/gems/actionpack-3.2.18/lib/abstract_controller/rendering.rb:88:in `render'
/Users/yiji/.rvm/gems/ruby-1.9.3-p551/gems/actionpack-3.2.18/lib/action_controller/metal/rendering.rb:16:in `render'
/Users/yiji/.rvm/gems/ruby-1.9.3-p551/gems/actionpack-3.2.18/lib/action_controller/metal/instrumentation.rb:40:in `block (2 levels) in render'
/Users/yiji/.rvm/gems/ruby-1.9.3-p551/gems/activesupport-3.2.18/lib/active_support/core_ext/benchmark.rb:5:in `block in ms'
/Users/yiji/.rvm/rubies/ruby-1.9.3-p551/lib/ruby/1.9.1/benchmark.rb:295:in `realtime'
/Users/yiji/.rvm/gems/ruby-1.9.3-p551/gems/activesupport-3.2.18/lib/active_support/core_ext/benchmark.rb:5:in `ms'
/Users/yiji/.rvm/gems/ruby-1.9.3-p551/gems/actionpack-3.2.18/lib/action_controller/metal/instrumentation.rb:40:in `block in render'
/Users/yiji/.rvm/gems/ruby-1.9.3-p551/gems/actionpack-3.2.18/lib/action_controller/metal/instrumentation.rb:83:in `cleanup_view_runtime'
/Users/yiji/.rvm/gems/ruby-1.9.3-p551/gems/activerecord-3.2.18/lib/active_record/railties/controller_runtime.rb:24:in `cleanup_view_runtime'
/Users/yiji/.rvm/gems/ruby-1.9.3-p551/gems/actionpack-3.2.18/lib/action_controller/metal/instrumentation.rb:39:in `render'
/Users/yiji/.rvm/gems/ruby-1.9.3-p551/gems/actionpack-3.2.18/lib/action_controller/metal/implicit_render.rb:10:in `default_render'
/Users/yiji/.rvm/gems/ruby-1.9.3-p551/gems/actionpack-3.2.18/lib/action_controller/metal/implicit_render.rb:5:in `send_action'
/Users/yiji/.rvm/gems/ruby-1.9.3-p551/gems/actionpack-3.2.18/lib/abstract_controller/base.rb:167:in `process_action'
/Users/yiji/.rvm/gems/ruby-1.9.3-p551/gems/actionpack-3.2.18/lib/action_controller/metal/rendering.rb:10:in `process_action'
/Users/yiji/.rvm/gems/ruby-1.9.3-p551/gems/actionpack-3.2.18/lib/abstract_controller/callbacks.rb:18:in `block in process_action'
/Users/yiji/.rvm/gems/ruby-1.9.3-p551/gems/activesupport-3.2.18/lib/active_support/callbacks.rb:414:in `_run__2266374744210259918__process_action__284287700661750414__callbacks'
/Users/yiji/.rvm/gems/ruby-1.9.3-p551/gems/activesupport-3.2.18/lib/active_support/callbacks.rb:405:in `__run_callback'
/Users/yiji/.rvm/gems/ruby-1.9.3-p551/gems/activesupport-3.2.18/lib/active_support/callbacks.rb:385:in `_run_process_action_callbacks'
/Users/yiji/.rvm/gems/ruby-1.9.3-p551/gems/activesupport-3.2.18/lib/active_support/callbacks.rb:81:in `run_callbacks'
/Users/yiji/.rvm/gems/ruby-1.9.3-p551/gems/actionpack-3.2.18/lib/abstract_controller/callbacks.rb:17:in `process_action'
/Users/yiji/.rvm/gems/ruby-1.9.3-p551/gems/actionpack-3.2.18/lib/action_controller/metal/rescue.rb:29:in `process_action'
/Users/yiji/.rvm/gems/ruby-1.9.3-p551/gems/actionpack-3.2.18/lib/action_controller/metal/instrumentation.rb:30:in `block in process_action'
/Users/yiji/.rvm/gems/ruby-1.9.3-p551/gems/activesupport-3.2.18/lib/active_support/notifications.rb:123:in `block in instrument'
/Users/yiji/.rvm/gems/ruby-1.9.3-p551/gems/activesupport-3.2.18/lib/active_support/notifications/instrumenter.rb:20:in `instrument'
/Users/yiji/.rvm/gems/ruby-1.9.3-p551/gems/activesupport-3.2.18/lib/active_support/notifications.rb:123:in `instrument'
/Users/yiji/.rvm/gems/ruby-1.9.3-p551/gems/actionpack-3.2.18/lib/action_controller/metal/instrumentation.rb:29:in `process_action'
/Users/yiji/.rvm/gems/ruby-1.9.3-p551/gems/actionpack-3.2.18/lib/action_controller/metal/params_wrapper.rb:207:in `process_action'
/Users/yiji/.rvm/gems/ruby-1.9.3-p551/gems/activerecord-3.2.18/lib/active_record/railties/controller_runtime.rb:18:in `process_action'
/Users/yiji/.rvm/gems/ruby-1.9.3-p551/gems/actionpack-3.2.18/lib/abstract_controller/base.rb:121:in `process'
/Users/yiji/.rvm/gems/ruby-1.9.3-p551/gems/actionpack-3.2.18/lib/abstract_controller/rendering.rb:45:in `process'
/Users/yiji/.rvm/gems/ruby-1.9.3-p551/gems/actionpack-3.2.18/lib/action_controller/metal.rb:203:in `dispatch'
/Users/yiji/.rvm/gems/ruby-1.9.3-p551/gems/actionpack-3.2.18/lib/action_controller/metal/rack_delegation.rb:14:in `dispatch'
/Users/yiji/.rvm/gems/ruby-1.9.3-p551/gems/actionpack-3.2.18/lib/action_controller/metal.rb:246:in `block in action'
/Users/yiji/.rvm/gems/ruby-1.9.3-p551/gems/actionpack-3.2.18/lib/action_dispatch/routing/route_set.rb:73:in `call'
/Users/yiji/.rvm/gems/ruby-1.9.3-p551/gems/actionpack-3.2.18/lib/action_dispatch/routing/route_set.rb:73:in `dispatch'
/Users/yiji/.rvm/gems/ruby-1.9.3-p551/gems/actionpack-3.2.18/lib/action_dispatch/routing/route_set.rb:36:in `call'
/Users/yiji/.rvm/gems/ruby-1.9.3-p551/gems/journey-1.0.4/lib/journey/router.rb:68:in `block in call'
/Users/yiji/.rvm/gems/ruby-1.9.3-p551/gems/journey-1.0.4/lib/journey/router.rb:56:in `each'
/Users/yiji/.rvm/gems/ruby-1.9.3-p551/gems/journey-1.0.4/lib/journey/router.rb:56:in `call'
/Users/yiji/.rvm/gems/ruby-1.9.3-p551/gems/actionpack-3.2.18/lib/action_dispatch/routing/route_set.rb:608:in `call'
/Users/yiji/.rvm/gems/ruby-1.9.3-p551/gems/actionpack-3.2.18/lib/action_dispatch/middleware/best_standards_support.rb:17:in `call'
/Users/yiji/.rvm/gems/ruby-1.9.3-p551/gems/rack-1.4.5/lib/rack/etag.rb:23:in `call'
/Users/yiji/.rvm/gems/ruby-1.9.3-p551/gems/rack-1.4.5/lib/rack/conditionalget.rb:25:in `call'
/Users/yiji/.rvm/gems/ruby-1.9.3-p551/gems/actionpack-3.2.18/lib/action_dispatch/middleware/head.rb:14:in `call'
/Users/yiji/.rvm/gems/ruby-1.9.3-p551/gems/actionpack-3.2.18/lib/action_dispatch/middleware/params_parser.rb:21:in `call'
/Users/yiji/.rvm/gems/ruby-1.9.3-p551/gems/actionpack-3.2.18/lib/action_dispatch/middleware/flash.rb:242:in `call'
/Users/yiji/.rvm/gems/ruby-1.9.3-p551/gems/rack-1.4.5/lib/rack/session/abstract/id.rb:210:in `context'
/Users/yiji/.rvm/gems/ruby-1.9.3-p551/gems/rack-1.4.5/lib/rack/session/abstract/id.rb:205:in `call'
/Users/yiji/.rvm/gems/ruby-1.9.3-p551/gems/actionpack-3.2.18/lib/action_dispatch/middleware/cookies.rb:341:in `call'
/Users/yiji/.rvm/gems/ruby-1.9.3-p551/gems/activerecord-3.2.18/lib/active_record/query_cache.rb:64:in `call'
/Users/yiji/.rvm/gems/ruby-1.9.3-p551/gems/activerecord-3.2.18/lib/active_record/connection_adapters/abstract/connection_pool.rb:479:in `call'
/Users/yiji/.rvm/gems/ruby-1.9.3-p551/gems/actionpack-3.2.18/lib/action_dispatch/middleware/callbacks.rb:28:in `block in call'
/Users/yiji/.rvm/gems/ruby-1.9.3-p551/gems/activesupport-3.2.18/lib/active_support/callbacks.rb:405:in `_run__842644882602084508__call__3494187099439022405__callbacks'
/Users/yiji/.rvm/gems/ruby-1.9.3-p551/gems/activesupport-3.2.18/lib/active_support/callbacks.rb:405:in `__run_callback'
/Users/yiji/.rvm/gems/ruby-1.9.3-p551/gems/activesupport-3.2.18/lib/active_support/callbacks.rb:385:in `_run_call_callbacks'
/Users/yiji/.rvm/gems/ruby-1.9.3-p551/gems/activesupport-3.2.18/lib/active_support/callbacks.rb:81:in `run_callbacks'
/Users/yiji/.rvm/gems/ruby-1.9.3-p551/gems/actionpack-3.2.18/lib/action_dispatch/middleware/callbacks.rb:27:in `call'
/Users/yiji/.rvm/gems/ruby-1.9.3-p551/gems/actionpack-3.2.18/lib/action_dispatch/middleware/reloader.rb:65:in `call'
/Users/yiji/.rvm/gems/ruby-1.9.3-p551/gems/actionpack-3.2.18/lib/action_dispatch/middleware/remote_ip.rb:31:in `call'
/Users/yiji/.rvm/gems/ruby-1.9.3-p551/gems/actionpack-3.2.18/lib/action_dispatch/middleware/debug_exceptions.rb:16:in `call'
/Users/yiji/.rvm/gems/ruby-1.9.3-p551/gems/actionpack-3.2.18/lib/action_dispatch/middleware/show_exceptions.rb:56:in `call'
/Users/yiji/.rvm/gems/ruby-1.9.3-p551/gems/railties-3.2.18/lib/rails/rack/logger.rb:32:in `call_app'
/Users/yiji/.rvm/gems/ruby-1.9.3-p551/gems/railties-3.2.18/lib/rails/rack/logger.rb:16:in `block in call'
/Users/yiji/.rvm/gems/ruby-1.9.3-p551/gems/activesupport-3.2.18/lib/active_support/tagged_logging.rb:22:in `tagged'
/Users/yiji/.rvm/gems/ruby-1.9.3-p551/gems/railties-3.2.18/lib/rails/rack/logger.rb:16:in `call'
/Users/yiji/.rvm/gems/ruby-1.9.3-p551/gems/actionpack-3.2.18/lib/action_dispatch/middleware/request_id.rb:22:in `call'
/Users/yiji/.rvm/gems/ruby-1.9.3-p551/gems/rack-1.4.5/lib/rack/methodoverride.rb:21:in `call'
/Users/yiji/.rvm/gems/ruby-1.9.3-p551/gems/rack-1.4.5/lib/rack/runtime.rb:17:in `call'
/Users/yiji/.rvm/gems/ruby-1.9.3-p551/gems/activesupport-3.2.18/lib/active_support/cache/strategy/local_cache.rb:72:in `call'
/Users/yiji/.rvm/gems/ruby-1.9.3-p551/gems/rack-1.4.5/lib/rack/lock.rb:15:in `call'
/Users/yiji/.rvm/gems/ruby-1.9.3-p551/gems/actionpack-3.2.18/lib/action_dispatch/middleware/static.rb:63:in `call'
/Users/yiji/.rvm/gems/ruby-1.9.3-p551/gems/railties-3.2.18/lib/rails/engine.rb:484:in `call'
/Users/yiji/.rvm/gems/ruby-1.9.3-p551/gems/railties-3.2.18/lib/rails/application.rb:231:in `call'
/Users/yiji/.rvm/gems/ruby-1.9.3-p551/gems/rack-1.4.5/lib/rack/content_length.rb:14:in `call'
/Users/yiji/.rvm/gems/ruby-1.9.3-p551/gems/railties-3.2.18/lib/rails/rack/log_tailer.rb:17:in `call'
/Users/yiji/.rvm/gems/ruby-1.9.3-p551/gems/rack-1.4.5/lib/rack/handler/webrick.rb:59:in `service'
/Users/yiji/.rvm/rubies/ruby-1.9.3-p551/lib/ruby/1.9.1/webrick/httpserver.rb:138:in `service'
/Users/yiji/.rvm/rubies/ruby-1.9.3-p551/lib/ruby/1.9.1/webrick/httpserver.rb:94:in `run'
/Users/yiji/.rvm/rubies/ruby-1.9.3-p551/lib/ruby/1.9.1/webrick/server.rb:191:in `block in start_thread'
  Rendered movies/index.html.haml within layouts/application (8.0ms)
Completed 500 Internal Server Error in 34.7ms

ActionView::Template::Error (/Users/yiji/rails-intro/app/views/movies/index.html.haml:10: unknown regexp options - thad
/Users/yiji/rails-intro/app/views/movies/index.html.haml:10: syntax error, unexpected $undefined
));}\n<table id='movies'></table>\n<thead></thead>\n<tr></tr>\n<th#{
                                                   ^
/Users/yiji/rails-intro/app/views/movies/index.html.haml:10: syntax error, unexpected '<'
));}\n<table id='movies'></table>\n<thead></thead>\n<tr></tr>\n<th#{
                                                         ^
/Users/yiji/rails-intro/app/views/movies/index.html.haml:15: unknown regexp options - th
/Users/yiji/rails-intro/app/views/movies/index.html.haml:15: syntax error, unexpected $undefined
));}</th>\n<th>Rating</th>\n<th#{
          ^
/Users/yiji/rails-intro/app/views/movies/index.html.haml:17: unknown regexp options - th
/Users/yiji/rails-intro/app/views/movies/index.html.haml:17: syntax error, unexpected $undefined
));}</th>\n<th>More Info</th>\n<tbody></tbody>\n", 0, false);
          ^
/Users/yiji/rails-intro/app/views/movies/index.html.haml:17: syntax error, unexpected tCONSTANT, expecting keyword_do or '{' or '('
));}</th>\n<th>More Info</th>\n<tbody></tbody>\n", 0, false);
                        ^
/Users/yiji/rails-intro/app/views/movies/index.html.haml:17: unknown regexp options - tbdy
/Users/yiji/rails-intro/app/views/movies/index.html.haml:17: syntax error, unexpected $undefined
));}</th>\n<th>More Info</th>\n<tbody></tbody>\n", 0, false);
                                               ^
/Users/yiji/rails-intro/app/views/movies/index.html.haml:20: syntax error, unexpected '<'
_hamlout.push_text("<tr></tr>\n<td>#{_hamlout.adjust_tabs(1); 
                         ^
/Users/yiji/rails-intro/app/views/movies/index.html.haml:22: unknown regexp options - td
/Users/yiji/rails-intro/app/views/movies/index.html.haml:22: syntax error, unexpected $undefined
));}</td>\n<td>#{_hamlout.adjust_tabs(1...
          ^
/Users/yiji/rails-intro/app/views/movies/index.html.haml:23: syntax error, unexpected ')'
));}</td>\n<td>#{_hamlout.adju...
 ^
/Users/yiji/rails-intro/app/views/movies/index.html.haml:24: unknown regexp options - td
/Users/yiji/rails-intro/app/views/movies/index.html.haml:24: syntax error, unexpected $undefined
));}</td>\n<td>#{_hamlout.adjust_tabs(1...
          ^
/Users/yiji/rails-intro/app/views/movies/index.html.haml:25: syntax error, unexpected ')'
));}</td>\n#{
 ^
/Users/yiji/rails-intro/app/views/movies/index.html.haml:25: unterminated regexp meets end of file
/Users/yiji/rails-intro/app/views/movies/index.html.haml:25: syntax error, unexpected $end, expecting keyword_end):
    7: = rating
    8: = check_box_tag "ratings[#{rating}]", 1, @ratings.include?(rating), :id => "ratings_#{rating}"
    9: = submit_tag "Refresh", :id => "ratings_submit"
    10: 
    11: %table#movies
    12: %thead
    13: %tr
  actionpack (3.2.18) lib/action_view/template.rb:297:in `module_eval'
  actionpack (3.2.18) lib/action_view/template.rb:297:in `compile'
  actionpack (3.2.18) lib/action_view/template.rb:244:in `block in compile!'
  <internal:prelude>:10:in `synchronize'
  actionpack (3.2.18) lib/action_view/template.rb:232:in `compile!'
  actionpack (3.2.18) lib/action_view/template.rb:144:in `block in render'
  activesupport (3.2.18) lib/active_support/notifications.rb:125:in `instrument'
  actionpack (3.2.18) lib/action_view/template.rb:143:in `render'
  actionpack (3.2.18) lib/action_view/renderer/template_renderer.rb:47:in `block (2 levels) in render_template'
  actionpack (3.2.18) lib/action_view/renderer/abstract_renderer.rb:38:in `block in instrument'
  activesupport (3.2.18) lib/active_support/notifications.rb:123:in `block in instrument'
  activesupport (3.2.18) lib/active_support/notifications/instrumenter.rb:20:in `instrument'
  activesupport (3.2.18) lib/active_support/notifications.rb:123:in `instrument'
  actionpack (3.2.18) lib/action_view/renderer/abstract_renderer.rb:38:in `instrument'
  actionpack (3.2.18) lib/action_view/renderer/template_renderer.rb:46:in `block in render_template'
  actionpack (3.2.18) lib/action_view/renderer/template_renderer.rb:54:in `render_with_layout'
  actionpack (3.2.18) lib/action_view/renderer/template_renderer.rb:45:in `render_template'
  actionpack (3.2.18) lib/action_view/renderer/template_renderer.rb:18:in `render'
  actionpack (3.2.18) lib/action_view/renderer/renderer.rb:36:in `render_template'
  actionpack (3.2.18) lib/action_view/renderer/renderer.rb:17:in `render'
  actionpack (3.2.18) lib/abstract_controller/rendering.rb:110:in `_render_template'
  actionpack (3.2.18) lib/action_controller/metal/streaming.rb:225:in `_render_template'
  actionpack (3.2.18) lib/abstract_controller/rendering.rb:103:in `render_to_body'
  actionpack (3.2.18) lib/action_controller/metal/renderers.rb:28:in `render_to_body'
  actionpack (3.2.18) lib/action_controller/metal/compatibility.rb:50:in `render_to_body'
  actionpack (3.2.18) lib/abstract_controller/rendering.rb:88:in `render'
  actionpack (3.2.18) lib/action_controller/metal/rendering.rb:16:in `render'
  actionpack (3.2.18) lib/action_controller/metal/instrumentation.rb:40:in `block (2 levels) in render'
  activesupport (3.2.18) lib/active_support/core_ext/benchmark.rb:5:in `block in ms'
  /Users/yiji/.rvm/rubies/ruby-1.9.3-p551/lib/ruby/1.9.1/benchmark.rb:295:in `realtime'
  activesupport (3.2.18) lib/active_support/core_ext/benchmark.rb:5:in `ms'
  actionpack (3.2.18) lib/action_controller/metal/instrumentation.rb:40:in `block in render'
  actionpack (3.2.18) lib/action_controller/metal/instrumentation.rb:83:in `cleanup_view_runtime'
  activerecord (3.2.18) lib/active_record/railties/controller_runtime.rb:24:in `cleanup_view_runtime'
  actionpack (3.2.18) lib/action_controller/metal/instrumentation.rb:39:in `render'
  actionpack (3.2.18) lib/action_controller/metal/implicit_render.rb:10:in `default_render'
  actionpack (3.2.18) lib/action_controller/metal/implicit_render.rb:5:in `send_action'
  actionpack (3.2.18) lib/abstract_controller/base.rb:167:in `process_action'
  actionpack (3.2.18) lib/action_controller/metal/rendering.rb:10:in `process_action'
  actionpack (3.2.18) lib/abstract_controller/callbacks.rb:18:in `block in process_action'
  activesupport (3.2.18) lib/active_support/callbacks.rb:414:in `_run__2266374744210259918__process_action__284287700661750414__callbacks'
  activesupport (3.2.18) lib/active_support/callbacks.rb:405:in `__run_callback'
  activesupport (3.2.18) lib/active_support/callbacks.rb:385:in `_run_process_action_callbacks'
  activesupport (3.2.18) lib/active_support/callbacks.rb:81:in `run_callbacks'
  actionpack (3.2.18) lib/abstract_controller/callbacks.rb:17:in `process_action'
  actionpack (3.2.18) lib/action_controller/metal/rescue.rb:29:in `process_action'
  actionpack (3.2.18) lib/action_controller/metal/instrumentation.rb:30:in `block in process_action'
  activesupport (3.2.18) lib/active_support/notifications.rb:123:in `block in instrument'
  activesupport (3.2.18) lib/active_support/notifications/instrumenter.rb:20:in `instrument'
  activesupport (3.2.18) lib/active_support/notifications.rb:123:in `instrument'
  actionpack (3.2.18) lib/action_controller/metal/instrumentation.rb:29:in `process_action'
  actionpack (3.2.18) lib/action_controller/metal/params_wrapper.rb:207:in `process_action'
  activerecord (3.2.18) lib/active_record/railties/controller_runtime.rb:18:in `process_action'
  actionpack (3.2.18) lib/abstract_controller/base.rb:121:in `process'
  actionpack (3.2.18) lib/abstract_controller/rendering.rb:45:in `process'
  actionpack (3.2.18) lib/action_controller/metal.rb:203:in `dispatch'
  actionpack (3.2.18) lib/action_controller/metal/rack_delegation.rb:14:in `dispatch'
  actionpack (3.2.18) lib/action_controller/metal.rb:246:in `block in action'
  actionpack (3.2.18) lib/action_dispatch/routing/route_set.rb:73:in `call'
  actionpack (3.2.18) lib/action_dispatch/routing/route_set.rb:73:in `dispatch'
  actionpack (3.2.18) lib/action_dispatch/routing/route_set.rb:36:in `call'
  journey (1.0.4) lib/journey/router.rb:68:in `block in call'
  journey (1.0.4) lib/journey/router.rb:56:in `each'
  journey (1.0.4) lib/journey/router.rb:56:in `call'
  actionpack (3.2.18) lib/action_dispatch/routing/route_set.rb:608:in `call'
  actionpack (3.2.18) lib/action_dispatch/middleware/best_standards_support.rb:17:in `call'
  rack (1.4.5) lib/rack/etag.rb:23:in `call'
  rack (1.4.5) lib/rack/conditionalget.rb:25:in `call'
  actionpack (3.2.18) lib/action_dispatch/middleware/head.rb:14:in `call'
  actionpack (3.2.18) lib/action_dispatch/middleware/params_parser.rb:21:in `call'
  actionpack (3.2.18) lib/action_dispatch/middleware/flash.rb:242:in `call'
  rack (1.4.5) lib/rack/session/abstract/id.rb:210:in `context'
  rack (1.4.5) lib/rack/session/abstract/id.rb:205:in `call'
  actionpack (3.2.18) lib/action_dispatch/middleware/cookies.rb:341:in `call'
  activerecord (3.2.18) lib/active_record/query_cache.rb:64:in `call'
  activerecord (3.2.18) lib/active_record/connection_adapters/abstract/connection_pool.rb:479:in `call'
  actionpack (3.2.18) lib/action_dispatch/middleware/callbacks.rb:28:in `block in call'
  activesupport (3.2.18) lib/active_support/callbacks.rb:405:in `_run__842644882602084508__call__3494187099439022405__callbacks'
  activesupport (3.2.18) lib/active_support/callbacks.rb:405:in `__run_callback'
  activesupport (3.2.18) lib/active_support/callbacks.rb:385:in `_run_call_callbacks'
  activesupport (3.2.18) lib/active_support/callbacks.rb:81:in `run_callbacks'
  actionpack (3.2.18) lib/action_dispatch/middleware/callbacks.rb:27:in `call'
  actionpack (3.2.18) lib/action_dispatch/middleware/reloader.rb:65:in `call'
  actionpack (3.2.18) lib/action_dispatch/middleware/remote_ip.rb:31:in `call'
  actionpack (3.2.18) lib/action_dispatch/middleware/debug_exceptions.rb:16:in `call'
  actionpack (3.2.18) lib/action_dispatch/middleware/show_exceptions.rb:56:in `call'
  railties (3.2.18) lib/rails/rack/logger.rb:32:in `call_app'
  railties (3.2.18) lib/rails/rack/logger.rb:16:in `block in call'
  activesupport (3.2.18) lib/active_support/tagged_logging.rb:22:in `tagged'
  railties (3.2.18) lib/rails/rack/logger.rb:16:in `call'
  actionpack (3.2.18) lib/action_dispatch/middleware/request_id.rb:22:in `call'
  rack (1.4.5) lib/rack/methodoverride.rb:21:in `call'
  rack (1.4.5) lib/rack/runtime.rb:17:in `call'
  activesupport (3.2.18) lib/active_support/cache/strategy/local_cache.rb:72:in `call'
  rack (1.4.5) lib/rack/lock.rb:15:in `call'
  actionpack (3.2.18) lib/action_dispatch/middleware/static.rb:63:in `call'
  railties (3.2.18) lib/rails/engine.rb:484:in `call'
  railties (3.2.18) lib/rails/application.rb:231:in `call'
  rack (1.4.5) lib/rack/content_length.rb:14:in `call'
  railties (3.2.18) lib/rails/rack/log_tailer.rb:17:in `call'
  rack (1.4.5) lib/rack/handler/webrick.rb:59:in `service'
  /Users/yiji/.rvm/rubies/ruby-1.9.3-p551/lib/ruby/1.9.1/webrick/httpserver.rb:138:in `service'
  /Users/yiji/.rvm/rubies/ruby-1.9.3-p551/lib/ruby/1.9.1/webrick/httpserver.rb:94:in `run'
  /Users/yiji/.rvm/rubies/ruby-1.9.3-p551/lib/ruby/1.9.1/webrick/server.rb:191:in `block in start_thread'


  Rendered /Users/yiji/.rvm/gems/ruby-1.9.3-p551/gems/actionpack-3.2.18/lib/action_dispatch/middleware/templates/rescues/_trace.erb (0.7ms)
  Rendered /Users/yiji/.rvm/gems/ruby-1.9.3-p551/gems/actionpack-3.2.18/lib/action_dispatch/middleware/templates/rescues/_request_and_response.erb (0.6ms)
  Rendered /Users/yiji/.rvm/gems/ruby-1.9.3-p551/gems/actionpack-3.2.18/lib/action_dispatch/middleware/templates/rescues/template_error.erb within rescues/layout (7.5ms)


Started GET "/movies?ratings%5BPG%5D=1&ratings%5BPG-13%5D=1&ratings%5BR%5D=1&sort=title" for 127.0.0.1 at 2016-04-03 14:45:29 -0400
  [1m[36mMovie Load (0.1ms)[0m  [1mSELECT rating FROM "movies" GROUP BY rating[0m
Processing by MoviesController#index as HTML
  Parameters: {"ratings"=>{"PG"=>"1", "PG-13"=>"1", "R"=>"1"}, "sort"=>"title"}
  [1m[35mMovie Load (0.1ms)[0m  SELECT "movies".* FROM "movies" ORDER BY title
ERROR: compiling _app_views_movies_index_html_haml___4099472969052300856_70112498951480 RAISED /Users/yiji/rails-intro/app/views/movies/index.html.haml:27: syntax error, unexpected keyword_ensure, expecting keyword_end
...:Util.html_safe(_erbout);ensure;@haml_buffer = @haml_buffer....
...                               ^
/Users/yiji/rails-intro/app/views/movies/index.html.haml:30: syntax error, unexpected $end, expecting keyword_end
Function body:           def _app_views_movies_index_html_haml___4099472969052300856_70112498951480(local_assigns, output_buffer)
            _old_virtual_path, @virtual_path = @virtual_path, "movies/index";_old_output_buffer = @output_buffer;;begin;extend Haml::Helpers;_hamlout = @haml_buffer = Haml::Buffer.new(haml_buffer, {:autoclose=>["area", "base", "basefont", "br", "col", "command", "embed", "frame", "hr", "img", "input", "isindex", "keygen", "link", "menuitem", "meta", "param", "source", "track", "wbr"], :preserve=>["textarea", "pre", "code"], :attr_wrapper=>"'", :ugly=>false, :format=>:html5, :encoding=>"UTF-8", :escape_html=>true, :escape_attrs=>true, :hyphenate_data_attrs=>true, :cdata=>false});_erbout = _hamlout.buffer;@output_buffer = output_buffer ||= ActionView::OutputBuffer.new rescue nil;;_hamlout.push_text("<h1>All Movies</h1>\n", 0, false);


haml_temp =  form_tag movies_path, :id => "ratings_form", :method => :get do
_hamlout.push_text("Include:\n", 0, false);
 @all_ratings.each do |rating|
_hamlout.push_text("#{_hamlout.format_script_false_false_false_true_false_true_false(( rating
));}\n#{_hamlout.format_script_false_false_false_true_false_true_false(( check_box_tag "ratings[#{rating}]", 1, @ratings.include?(rating), :id => "ratings_#{rating}"
));}\n", 0, false);end;_hamlout.push_text("#{_hamlout.format_script_false_false_false_true_false_true_false(( submit_tag "Refresh", :id => "ratings_submit"
));}\n", 0, false);end;_hamlout.buffer << _hamlout.format_script_false_false_false_true_false_false_false(haml_temp);_hamlout.push_text("\n<table id='movies'></table>\n<thead></thead>\n<tr></tr>\n<th#{



_hamlout.attributes({}, nil, params[:sort] == "title" ? {:class => "hilite"} : {})}>#{_hamlout.adjust_tabs(1); _hamlout.format_script_false_true_false_true_false_true_false((link_to "Movie Title", movies_path(:sort => "title"), :id => "title_header"
));}</th>\n<th>Rating</th>\n<th#{
_hamlout.attributes({}, nil, params[:sort] == "release_date" ? {:class => "hilite"} : {})}>#{_hamlout.adjust_tabs(1); _hamlout.format_script_false_true_false_true_false_true_false((link_to "Release Date", movies_path(:sort => "release_date"), :id => "release_date_header"
));}</th>\n<th>More Info</th>\n<tbody></tbody>\n", 0, false);

 @movies.each do |movie|
_hamlout.push_text("<tr></tr>\n<td>#{_hamlout.adjust_tabs(1); 
_hamlout.format_script_false_true_false_true_false_true_false((movie.title
));}</td>\n<td>#{_hamlout.adjust_tabs(1); _hamlout.format_script_false_true_false_true_false_true_false((movie.rating
));}</td>\n<td>#{_hamlout.adjust_tabs(1); _hamlout.format_script_false_true_false_true_false_true_false((movie.release_date
));}</td>\n<td>#{_hamlout.adjust_tabs(1); _hamlout.format_script_false_true_false_true_false_true_false((link_to "More about #{movie.title}", movie_path(movie)
));}</td>\n#{
_hamlout.format_script_false_false_false_true_false_true_false(( link_to 'Add new movie', new_movie_path
));}\n", 0, false);::Haml::Util.html_safe(_erbout);ensure;@haml_buffer = @haml_buffer.upper if @haml_buffer;end;
          ensure
            @virtual_path, @output_buffer = _old_virtual_path, _old_output_buffer
          end

Backtrace: /Users/yiji/.rvm/gems/ruby-1.9.3-p551/gems/actionpack-3.2.18/lib/action_view/template.rb:297:in `module_eval'
/Users/yiji/.rvm/gems/ruby-1.9.3-p551/gems/actionpack-3.2.18/lib/action_view/template.rb:297:in `compile'
/Users/yiji/.rvm/gems/ruby-1.9.3-p551/gems/actionpack-3.2.18/lib/action_view/template.rb:244:in `block in compile!'
<internal:prelude>:10:in `synchronize'
/Users/yiji/.rvm/gems/ruby-1.9.3-p551/gems/actionpack-3.2.18/lib/action_view/template.rb:232:in `compile!'
/Users/yiji/.rvm/gems/ruby-1.9.3-p551/gems/actionpack-3.2.18/lib/action_view/template.rb:144:in `block in render'
/Users/yiji/.rvm/gems/ruby-1.9.3-p551/gems/activesupport-3.2.18/lib/active_support/notifications.rb:125:in `instrument'
/Users/yiji/.rvm/gems/ruby-1.9.3-p551/gems/actionpack-3.2.18/lib/action_view/template.rb:143:in `render'
/Users/yiji/.rvm/gems/ruby-1.9.3-p551/gems/actionpack-3.2.18/lib/action_view/renderer/template_renderer.rb:47:in `block (2 levels) in render_template'
/Users/yiji/.rvm/gems/ruby-1.9.3-p551/gems/actionpack-3.2.18/lib/action_view/renderer/abstract_renderer.rb:38:in `block in instrument'
/Users/yiji/.rvm/gems/ruby-1.9.3-p551/gems/activesupport-3.2.18/lib/active_support/notifications.rb:123:in `block in instrument'
/Users/yiji/.rvm/gems/ruby-1.9.3-p551/gems/activesupport-3.2.18/lib/active_support/notifications/instrumenter.rb:20:in `instrument'
/Users/yiji/.rvm/gems/ruby-1.9.3-p551/gems/activesupport-3.2.18/lib/active_support/notifications.rb:123:in `instrument'
/Users/yiji/.rvm/gems/ruby-1.9.3-p551/gems/actionpack-3.2.18/lib/action_view/renderer/abstract_renderer.rb:38:in `instrument'
/Users/yiji/.rvm/gems/ruby-1.9.3-p551/gems/actionpack-3.2.18/lib/action_view/renderer/template_renderer.rb:46:in `block in render_template'
/Users/yiji/.rvm/gems/ruby-1.9.3-p551/gems/actionpack-3.2.18/lib/action_view/renderer/template_renderer.rb:54:in `render_with_layout'
/Users/yiji/.rvm/gems/ruby-1.9.3-p551/gems/actionpack-3.2.18/lib/action_view/renderer/template_renderer.rb:45:in `render_template'
/Users/yiji/.rvm/gems/ruby-1.9.3-p551/gems/actionpack-3.2.18/lib/action_view/renderer/template_renderer.rb:18:in `render'
/Users/yiji/.rvm/gems/ruby-1.9.3-p551/gems/actionpack-3.2.18/lib/action_view/renderer/renderer.rb:36:in `render_template'
/Users/yiji/.rvm/gems/ruby-1.9.3-p551/gems/actionpack-3.2.18/lib/action_view/renderer/renderer.rb:17:in `render'
/Users/yiji/.rvm/gems/ruby-1.9.3-p551/gems/actionpack-3.2.18/lib/abstract_controller/rendering.rb:110:in `_render_template'
/Users/yiji/.rvm/gems/ruby-1.9.3-p551/gems/actionpack-3.2.18/lib/action_controller/metal/streaming.rb:225:in `_render_template'
/Users/yiji/.rvm/gems/ruby-1.9.3-p551/gems/actionpack-3.2.18/lib/abstract_controller/rendering.rb:103:in `render_to_body'
/Users/yiji/.rvm/gems/ruby-1.9.3-p551/gems/actionpack-3.2.18/lib/action_controller/metal/renderers.rb:28:in `render_to_body'
/Users/yiji/.rvm/gems/ruby-1.9.3-p551/gems/actionpack-3.2.18/lib/action_controller/metal/compatibility.rb:50:in `render_to_body'
/Users/yiji/.rvm/gems/ruby-1.9.3-p551/gems/actionpack-3.2.18/lib/abstract_controller/rendering.rb:88:in `render'
/Users/yiji/.rvm/gems/ruby-1.9.3-p551/gems/actionpack-3.2.18/lib/action_controller/metal/rendering.rb:16:in `render'
/Users/yiji/.rvm/gems/ruby-1.9.3-p551/gems/actionpack-3.2.18/lib/action_controller/metal/instrumentation.rb:40:in `block (2 levels) in render'
/Users/yiji/.rvm/gems/ruby-1.9.3-p551/gems/activesupport-3.2.18/lib/active_support/core_ext/benchmark.rb:5:in `block in ms'
/Users/yiji/.rvm/rubies/ruby-1.9.3-p551/lib/ruby/1.9.1/benchmark.rb:295:in `realtime'
/Users/yiji/.rvm/gems/ruby-1.9.3-p551/gems/activesupport-3.2.18/lib/active_support/core_ext/benchmark.rb:5:in `ms'
/Users/yiji/.rvm/gems/ruby-1.9.3-p551/gems/actionpack-3.2.18/lib/action_controller/metal/instrumentation.rb:40:in `block in render'
/Users/yiji/.rvm/gems/ruby-1.9.3-p551/gems/actionpack-3.2.18/lib/action_controller/metal/instrumentation.rb:83:in `cleanup_view_runtime'
/Users/yiji/.rvm/gems/ruby-1.9.3-p551/gems/activerecord-3.2.18/lib/active_record/railties/controller_runtime.rb:24:in `cleanup_view_runtime'
/Users/yiji/.rvm/gems/ruby-1.9.3-p551/gems/actionpack-3.2.18/lib/action_controller/metal/instrumentation.rb:39:in `render'
/Users/yiji/.rvm/gems/ruby-1.9.3-p551/gems/actionpack-3.2.18/lib/action_controller/metal/implicit_render.rb:10:in `default_render'
/Users/yiji/.rvm/gems/ruby-1.9.3-p551/gems/actionpack-3.2.18/lib/action_controller/metal/implicit_render.rb:5:in `send_action'
/Users/yiji/.rvm/gems/ruby-1.9.3-p551/gems/actionpack-3.2.18/lib/abstract_controller/base.rb:167:in `process_action'
/Users/yiji/.rvm/gems/ruby-1.9.3-p551/gems/actionpack-3.2.18/lib/action_controller/metal/rendering.rb:10:in `process_action'
/Users/yiji/.rvm/gems/ruby-1.9.3-p551/gems/actionpack-3.2.18/lib/abstract_controller/callbacks.rb:18:in `block in process_action'
/Users/yiji/.rvm/gems/ruby-1.9.3-p551/gems/activesupport-3.2.18/lib/active_support/callbacks.rb:414:in `_run__2266374744210259918__process_action__284287700661750414__callbacks'
/Users/yiji/.rvm/gems/ruby-1.9.3-p551/gems/activesupport-3.2.18/lib/active_support/callbacks.rb:405:in `__run_callback'
/Users/yiji/.rvm/gems/ruby-1.9.3-p551/gems/activesupport-3.2.18/lib/active_support/callbacks.rb:385:in `_run_process_action_callbacks'
/Users/yiji/.rvm/gems/ruby-1.9.3-p551/gems/activesupport-3.2.18/lib/active_support/callbacks.rb:81:in `run_callbacks'
/Users/yiji/.rvm/gems/ruby-1.9.3-p551/gems/actionpack-3.2.18/lib/abstract_controller/callbacks.rb:17:in `process_action'
/Users/yiji/.rvm/gems/ruby-1.9.3-p551/gems/actionpack-3.2.18/lib/action_controller/metal/rescue.rb:29:in `process_action'
/Users/yiji/.rvm/gems/ruby-1.9.3-p551/gems/actionpack-3.2.18/lib/action_controller/metal/instrumentation.rb:30:in `block in process_action'
/Users/yiji/.rvm/gems/ruby-1.9.3-p551/gems/activesupport-3.2.18/lib/active_support/notifications.rb:123:in `block in instrument'
/Users/yiji/.rvm/gems/ruby-1.9.3-p551/gems/activesupport-3.2.18/lib/active_support/notifications/instrumenter.rb:20:in `instrument'
/Users/yiji/.rvm/gems/ruby-1.9.3-p551/gems/activesupport-3.2.18/lib/active_support/notifications.rb:123:in `instrument'
/Users/yiji/.rvm/gems/ruby-1.9.3-p551/gems/actionpack-3.2.18/lib/action_controller/metal/instrumentation.rb:29:in `process_action'
/Users/yiji/.rvm/gems/ruby-1.9.3-p551/gems/actionpack-3.2.18/lib/action_controller/metal/params_wrapper.rb:207:in `process_action'
/Users/yiji/.rvm/gems/ruby-1.9.3-p551/gems/activerecord-3.2.18/lib/active_record/railties/controller_runtime.rb:18:in `process_action'
/Users/yiji/.rvm/gems/ruby-1.9.3-p551/gems/actionpack-3.2.18/lib/abstract_controller/base.rb:121:in `process'
/Users/yiji/.rvm/gems/ruby-1.9.3-p551/gems/actionpack-3.2.18/lib/abstract_controller/rendering.rb:45:in `process'
/Users/yiji/.rvm/gems/ruby-1.9.3-p551/gems/actionpack-3.2.18/lib/action_controller/metal.rb:203:in `dispatch'
/Users/yiji/.rvm/gems/ruby-1.9.3-p551/gems/actionpack-3.2.18/lib/action_controller/metal/rack_delegation.rb:14:in `dispatch'
/Users/yiji/.rvm/gems/ruby-1.9.3-p551/gems/actionpack-3.2.18/lib/action_controller/metal.rb:246:in `block in action'
/Users/yiji/.rvm/gems/ruby-1.9.3-p551/gems/actionpack-3.2.18/lib/action_dispatch/routing/route_set.rb:73:in `call'
/Users/yiji/.rvm/gems/ruby-1.9.3-p551/gems/actionpack-3.2.18/lib/action_dispatch/routing/route_set.rb:73:in `dispatch'
/Users/yiji/.rvm/gems/ruby-1.9.3-p551/gems/actionpack-3.2.18/lib/action_dispatch/routing/route_set.rb:36:in `call'
/Users/yiji/.rvm/gems/ruby-1.9.3-p551/gems/journey-1.0.4/lib/journey/router.rb:68:in `block in call'
/Users/yiji/.rvm/gems/ruby-1.9.3-p551/gems/journey-1.0.4/lib/journey/router.rb:56:in `each'
/Users/yiji/.rvm/gems/ruby-1.9.3-p551/gems/journey-1.0.4/lib/journey/router.rb:56:in `call'
/Users/yiji/.rvm/gems/ruby-1.9.3-p551/gems/actionpack-3.2.18/lib/action_dispatch/routing/route_set.rb:608:in `call'
/Users/yiji/.rvm/gems/ruby-1.9.3-p551/gems/actionpack-3.2.18/lib/action_dispatch/middleware/best_standards_support.rb:17:in `call'
/Users/yiji/.rvm/gems/ruby-1.9.3-p551/gems/rack-1.4.5/lib/rack/etag.rb:23:in `call'
/Users/yiji/.rvm/gems/ruby-1.9.3-p551/gems/rack-1.4.5/lib/rack/conditionalget.rb:25:in `call'
/Users/yiji/.rvm/gems/ruby-1.9.3-p551/gems/actionpack-3.2.18/lib/action_dispatch/middleware/head.rb:14:in `call'
/Users/yiji/.rvm/gems/ruby-1.9.3-p551/gems/actionpack-3.2.18/lib/action_dispatch/middleware/params_parser.rb:21:in `call'
/Users/yiji/.rvm/gems/ruby-1.9.3-p551/gems/actionpack-3.2.18/lib/action_dispatch/middleware/flash.rb:242:in `call'
/Users/yiji/.rvm/gems/ruby-1.9.3-p551/gems/rack-1.4.5/lib/rack/session/abstract/id.rb:210:in `context'
/Users/yiji/.rvm/gems/ruby-1.9.3-p551/gems/rack-1.4.5/lib/rack/session/abstract/id.rb:205:in `call'
/Users/yiji/.rvm/gems/ruby-1.9.3-p551/gems/actionpack-3.2.18/lib/action_dispatch/middleware/cookies.rb:341:in `call'
/Users/yiji/.rvm/gems/ruby-1.9.3-p551/gems/activerecord-3.2.18/lib/active_record/query_cache.rb:64:in `call'
/Users/yiji/.rvm/gems/ruby-1.9.3-p551/gems/activerecord-3.2.18/lib/active_record/connection_adapters/abstract/connection_pool.rb:479:in `call'
/Users/yiji/.rvm/gems/ruby-1.9.3-p551/gems/actionpack-3.2.18/lib/action_dispatch/middleware/callbacks.rb:28:in `block in call'
/Users/yiji/.rvm/gems/ruby-1.9.3-p551/gems/activesupport-3.2.18/lib/active_support/callbacks.rb:405:in `_run__842644882602084508__call__3494187099439022405__callbacks'
/Users/yiji/.rvm/gems/ruby-1.9.3-p551/gems/activesupport-3.2.18/lib/active_support/callbacks.rb:405:in `__run_callback'
/Users/yiji/.rvm/gems/ruby-1.9.3-p551/gems/activesupport-3.2.18/lib/active_support/callbacks.rb:385:in `_run_call_callbacks'
/Users/yiji/.rvm/gems/ruby-1.9.3-p551/gems/activesupport-3.2.18/lib/active_support/callbacks.rb:81:in `run_callbacks'
/Users/yiji/.rvm/gems/ruby-1.9.3-p551/gems/actionpack-3.2.18/lib/action_dispatch/middleware/callbacks.rb:27:in `call'
/Users/yiji/.rvm/gems/ruby-1.9.3-p551/gems/actionpack-3.2.18/lib/action_dispatch/middleware/reloader.rb:65:in `call'
/Users/yiji/.rvm/gems/ruby-1.9.3-p551/gems/actionpack-3.2.18/lib/action_dispatch/middleware/remote_ip.rb:31:in `call'
/Users/yiji/.rvm/gems/ruby-1.9.3-p551/gems/actionpack-3.2.18/lib/action_dispatch/middleware/debug_exceptions.rb:16:in `call'
/Users/yiji/.rvm/gems/ruby-1.9.3-p551/gems/actionpack-3.2.18/lib/action_dispatch/middleware/show_exceptions.rb:56:in `call'
/Users/yiji/.rvm/gems/ruby-1.9.3-p551/gems/railties-3.2.18/lib/rails/rack/logger.rb:32:in `call_app'
/Users/yiji/.rvm/gems/ruby-1.9.3-p551/gems/railties-3.2.18/lib/rails/rack/logger.rb:16:in `block in call'
/Users/yiji/.rvm/gems/ruby-1.9.3-p551/gems/activesupport-3.2.18/lib/active_support/tagged_logging.rb:22:in `tagged'
/Users/yiji/.rvm/gems/ruby-1.9.3-p551/gems/railties-3.2.18/lib/rails/rack/logger.rb:16:in `call'
/Users/yiji/.rvm/gems/ruby-1.9.3-p551/gems/actionpack-3.2.18/lib/action_dispatch/middleware/request_id.rb:22:in `call'
/Users/yiji/.rvm/gems/ruby-1.9.3-p551/gems/rack-1.4.5/lib/rack/methodoverride.rb:21:in `call'
/Users/yiji/.rvm/gems/ruby-1.9.3-p551/gems/rack-1.4.5/lib/rack/runtime.rb:17:in `call'
/Users/yiji/.rvm/gems/ruby-1.9.3-p551/gems/activesupport-3.2.18/lib/active_support/cache/strategy/local_cache.rb:72:in `call'
/Users/yiji/.rvm/gems/ruby-1.9.3-p551/gems/rack-1.4.5/lib/rack/lock.rb:15:in `call'
/Users/yiji/.rvm/gems/ruby-1.9.3-p551/gems/actionpack-3.2.18/lib/action_dispatch/middleware/static.rb:63:in `call'
/Users/yiji/.rvm/gems/ruby-1.9.3-p551/gems/railties-3.2.18/lib/rails/engine.rb:484:in `call'
/Users/yiji/.rvm/gems/ruby-1.9.3-p551/gems/railties-3.2.18/lib/rails/application.rb:231:in `call'
/Users/yiji/.rvm/gems/ruby-1.9.3-p551/gems/rack-1.4.5/lib/rack/content_length.rb:14:in `call'
/Users/yiji/.rvm/gems/ruby-1.9.3-p551/gems/railties-3.2.18/lib/rails/rack/log_tailer.rb:17:in `call'
/Users/yiji/.rvm/gems/ruby-1.9.3-p551/gems/rack-1.4.5/lib/rack/handler/webrick.rb:59:in `service'
/Users/yiji/.rvm/rubies/ruby-1.9.3-p551/lib/ruby/1.9.1/webrick/httpserver.rb:138:in `service'
/Users/yiji/.rvm/rubies/ruby-1.9.3-p551/lib/ruby/1.9.1/webrick/httpserver.rb:94:in `run'
/Users/yiji/.rvm/rubies/ruby-1.9.3-p551/lib/ruby/1.9.1/webrick/server.rb:191:in `block in start_thread'
  Rendered movies/index.html.haml within layouts/application (1.7ms)
Completed 500 Internal Server Error in 3.2ms

ActionView::Template::Error (/Users/yiji/rails-intro/app/views/movies/index.html.haml:27: syntax error, unexpected keyword_ensure, expecting keyword_end
...:Util.html_safe(_erbout);ensure;@haml_buffer = @haml_buffer....
...                               ^
/Users/yiji/rails-intro/app/views/movies/index.html.haml:30: syntax error, unexpected $end, expecting keyword_end):
    24: %td= link_to "More about #{movie.title}", movie_path(movie)
    25: 
    26: = link_to 'Add new movie', new_movie_path
  actionpack (3.2.18) lib/action_view/template.rb:297:in `module_eval'
  actionpack (3.2.18) lib/action_view/template.rb:297:in `compile'
  actionpack (3.2.18) lib/action_view/template.rb:244:in `block in compile!'
  <internal:prelude>:10:in `synchronize'
  actionpack (3.2.18) lib/action_view/template.rb:232:in `compile!'
  actionpack (3.2.18) lib/action_view/template.rb:144:in `block in render'
  activesupport (3.2.18) lib/active_support/notifications.rb:125:in `instrument'
  actionpack (3.2.18) lib/action_view/template.rb:143:in `render'
  actionpack (3.2.18) lib/action_view/renderer/template_renderer.rb:47:in `block (2 levels) in render_template'
  actionpack (3.2.18) lib/action_view/renderer/abstract_renderer.rb:38:in `block in instrument'
  activesupport (3.2.18) lib/active_support/notifications.rb:123:in `block in instrument'
  activesupport (3.2.18) lib/active_support/notifications/instrumenter.rb:20:in `instrument'
  activesupport (3.2.18) lib/active_support/notifications.rb:123:in `instrument'
  actionpack (3.2.18) lib/action_view/renderer/abstract_renderer.rb:38:in `instrument'
  actionpack (3.2.18) lib/action_view/renderer/template_renderer.rb:46:in `block in render_template'
  actionpack (3.2.18) lib/action_view/renderer/template_renderer.rb:54:in `render_with_layout'
  actionpack (3.2.18) lib/action_view/renderer/template_renderer.rb:45:in `render_template'
  actionpack (3.2.18) lib/action_view/renderer/template_renderer.rb:18:in `render'
  actionpack (3.2.18) lib/action_view/renderer/renderer.rb:36:in `render_template'
  actionpack (3.2.18) lib/action_view/renderer/renderer.rb:17:in `render'
  actionpack (3.2.18) lib/abstract_controller/rendering.rb:110:in `_render_template'
  actionpack (3.2.18) lib/action_controller/metal/streaming.rb:225:in `_render_template'
  actionpack (3.2.18) lib/abstract_controller/rendering.rb:103:in `render_to_body'
  actionpack (3.2.18) lib/action_controller/metal/renderers.rb:28:in `render_to_body'
  actionpack (3.2.18) lib/action_controller/metal/compatibility.rb:50:in `render_to_body'
  actionpack (3.2.18) lib/abstract_controller/rendering.rb:88:in `render'
  actionpack (3.2.18) lib/action_controller/metal/rendering.rb:16:in `render'
  actionpack (3.2.18) lib/action_controller/metal/instrumentation.rb:40:in `block (2 levels) in render'
  activesupport (3.2.18) lib/active_support/core_ext/benchmark.rb:5:in `block in ms'
  /Users/yiji/.rvm/rubies/ruby-1.9.3-p551/lib/ruby/1.9.1/benchmark.rb:295:in `realtime'
  activesupport (3.2.18) lib/active_support/core_ext/benchmark.rb:5:in `ms'
  actionpack (3.2.18) lib/action_controller/metal/instrumentation.rb:40:in `block in render'
  actionpack (3.2.18) lib/action_controller/metal/instrumentation.rb:83:in `cleanup_view_runtime'
  activerecord (3.2.18) lib/active_record/railties/controller_runtime.rb:24:in `cleanup_view_runtime'
  actionpack (3.2.18) lib/action_controller/metal/instrumentation.rb:39:in `render'
  actionpack (3.2.18) lib/action_controller/metal/implicit_render.rb:10:in `default_render'
  actionpack (3.2.18) lib/action_controller/metal/implicit_render.rb:5:in `send_action'
  actionpack (3.2.18) lib/abstract_controller/base.rb:167:in `process_action'
  actionpack (3.2.18) lib/action_controller/metal/rendering.rb:10:in `process_action'
  actionpack (3.2.18) lib/abstract_controller/callbacks.rb:18:in `block in process_action'
  activesupport (3.2.18) lib/active_support/callbacks.rb:414:in `_run__2266374744210259918__process_action__284287700661750414__callbacks'
  activesupport (3.2.18) lib/active_support/callbacks.rb:405:in `__run_callback'
  activesupport (3.2.18) lib/active_support/callbacks.rb:385:in `_run_process_action_callbacks'
  activesupport (3.2.18) lib/active_support/callbacks.rb:81:in `run_callbacks'
  actionpack (3.2.18) lib/abstract_controller/callbacks.rb:17:in `process_action'
  actionpack (3.2.18) lib/action_controller/metal/rescue.rb:29:in `process_action'
  actionpack (3.2.18) lib/action_controller/metal/instrumentation.rb:30:in `block in process_action'
  activesupport (3.2.18) lib/active_support/notifications.rb:123:in `block in instrument'
  activesupport (3.2.18) lib/active_support/notifications/instrumenter.rb:20:in `instrument'
  activesupport (3.2.18) lib/active_support/notifications.rb:123:in `instrument'
  actionpack (3.2.18) lib/action_controller/metal/instrumentation.rb:29:in `process_action'
  actionpack (3.2.18) lib/action_controller/metal/params_wrapper.rb:207:in `process_action'
  activerecord (3.2.18) lib/active_record/railties/controller_runtime.rb:18:in `process_action'
  actionpack (3.2.18) lib/abstract_controller/base.rb:121:in `process'
  actionpack (3.2.18) lib/abstract_controller/rendering.rb:45:in `process'
  actionpack (3.2.18) lib/action_controller/metal.rb:203:in `dispatch'
  actionpack (3.2.18) lib/action_controller/metal/rack_delegation.rb:14:in `dispatch'
  actionpack (3.2.18) lib/action_controller/metal.rb:246:in `block in action'
  actionpack (3.2.18) lib/action_dispatch/routing/route_set.rb:73:in `call'
  actionpack (3.2.18) lib/action_dispatch/routing/route_set.rb:73:in `dispatch'
  actionpack (3.2.18) lib/action_dispatch/routing/route_set.rb:36:in `call'
  journey (1.0.4) lib/journey/router.rb:68:in `block in call'
  journey (1.0.4) lib/journey/router.rb:56:in `each'
  journey (1.0.4) lib/journey/router.rb:56:in `call'
  actionpack (3.2.18) lib/action_dispatch/routing/route_set.rb:608:in `call'
  actionpack (3.2.18) lib/action_dispatch/middleware/best_standards_support.rb:17:in `call'
  rack (1.4.5) lib/rack/etag.rb:23:in `call'
  rack (1.4.5) lib/rack/conditionalget.rb:25:in `call'
  actionpack (3.2.18) lib/action_dispatch/middleware/head.rb:14:in `call'
  actionpack (3.2.18) lib/action_dispatch/middleware/params_parser.rb:21:in `call'
  actionpack (3.2.18) lib/action_dispatch/middleware/flash.rb:242:in `call'
  rack (1.4.5) lib/rack/session/abstract/id.rb:210:in `context'
  rack (1.4.5) lib/rack/session/abstract/id.rb:205:in `call'
  actionpack (3.2.18) lib/action_dispatch/middleware/cookies.rb:341:in `call'
  activerecord (3.2.18) lib/active_record/query_cache.rb:64:in `call'
  activerecord (3.2.18) lib/active_record/connection_adapters/abstract/connection_pool.rb:479:in `call'
  actionpack (3.2.18) lib/action_dispatch/middleware/callbacks.rb:28:in `block in call'
  activesupport (3.2.18) lib/active_support/callbacks.rb:405:in `_run__842644882602084508__call__3494187099439022405__callbacks'
  activesupport (3.2.18) lib/active_support/callbacks.rb:405:in `__run_callback'
  activesupport (3.2.18) lib/active_support/callbacks.rb:385:in `_run_call_callbacks'
  activesupport (3.2.18) lib/active_support/callbacks.rb:81:in `run_callbacks'
  actionpack (3.2.18) lib/action_dispatch/middleware/callbacks.rb:27:in `call'
  actionpack (3.2.18) lib/action_dispatch/middleware/reloader.rb:65:in `call'
  actionpack (3.2.18) lib/action_dispatch/middleware/remote_ip.rb:31:in `call'
  actionpack (3.2.18) lib/action_dispatch/middleware/debug_exceptions.rb:16:in `call'
  actionpack (3.2.18) lib/action_dispatch/middleware/show_exceptions.rb:56:in `call'
  railties (3.2.18) lib/rails/rack/logger.rb:32:in `call_app'
  railties (3.2.18) lib/rails/rack/logger.rb:16:in `block in call'
  activesupport (3.2.18) lib/active_support/tagged_logging.rb:22:in `tagged'
  railties (3.2.18) lib/rails/rack/logger.rb:16:in `call'
  actionpack (3.2.18) lib/action_dispatch/middleware/request_id.rb:22:in `call'
  rack (1.4.5) lib/rack/methodoverride.rb:21:in `call'
  rack (1.4.5) lib/rack/runtime.rb:17:in `call'
  activesupport (3.2.18) lib/active_support/cache/strategy/local_cache.rb:72:in `call'
  rack (1.4.5) lib/rack/lock.rb:15:in `call'
  actionpack (3.2.18) lib/action_dispatch/middleware/static.rb:63:in `call'
  railties (3.2.18) lib/rails/engine.rb:484:in `call'
  railties (3.2.18) lib/rails/application.rb:231:in `call'
  rack (1.4.5) lib/rack/content_length.rb:14:in `call'
  railties (3.2.18) lib/rails/rack/log_tailer.rb:17:in `call'
  rack (1.4.5) lib/rack/handler/webrick.rb:59:in `service'
  /Users/yiji/.rvm/rubies/ruby-1.9.3-p551/lib/ruby/1.9.1/webrick/httpserver.rb:138:in `service'
  /Users/yiji/.rvm/rubies/ruby-1.9.3-p551/lib/ruby/1.9.1/webrick/httpserver.rb:94:in `run'
  /Users/yiji/.rvm/rubies/ruby-1.9.3-p551/lib/ruby/1.9.1/webrick/server.rb:191:in `block in start_thread'


  Rendered /Users/yiji/.rvm/gems/ruby-1.9.3-p551/gems/actionpack-3.2.18/lib/action_dispatch/middleware/templates/rescues/_trace.erb (0.7ms)
  Rendered /Users/yiji/.rvm/gems/ruby-1.9.3-p551/gems/actionpack-3.2.18/lib/action_dispatch/middleware/templates/rescues/_request_and_response.erb (0.5ms)
  Rendered /Users/yiji/.rvm/gems/ruby-1.9.3-p551/gems/actionpack-3.2.18/lib/action_dispatch/middleware/templates/rescues/template_error.erb within rescues/layout (6.4ms)


Started GET "/movies?ratings%5BPG%5D=1&ratings%5BPG-13%5D=1&ratings%5BR%5D=1&sort=title" for 127.0.0.1 at 2016-04-03 14:47:14 -0400
  [1m[36mMovie Load (0.1ms)[0m  [1mSELECT rating FROM "movies" GROUP BY rating[0m
Processing by MoviesController#index as HTML
  Parameters: {"ratings"=>{"PG"=>"1", "PG-13"=>"1", "R"=>"1"}, "sort"=>"title"}
  [1m[35mMovie Load (0.1ms)[0m  SELECT "movies".* FROM "movies" ORDER BY title
  Rendered movies/index.html.haml within layouts/application (0.6ms)
Completed 500 Internal Server Error in 2.1ms

ActionView::Template::Error (Inconsistent indentation: 5 spaces used for indentation, but the rest of the document was indented using 2 spaces.):
    11: %table#movies
    12:   %thead
    13:     %tr
    14:      %th{params[:sort] == "title" ? {:class => "hilite"} : {}}= link_to "Movie Title", movies_path(:sort => "title"), :id => "title_header"
    15:      %th Rating
    16:      %th{params[:sort] == "release_date" ? {:class => "hilite"} : {}}= link_to "Release Date", movies_path(:sort    => "release_date"), :id => "release_date_header"
    17:     %th More Info
  app/views/movies/index.html.haml:14


  Rendered /Users/yiji/.rvm/gems/ruby-1.9.3-p551/gems/actionpack-3.2.18/lib/action_dispatch/middleware/templates/rescues/_trace.erb (0.7ms)
  Rendered /Users/yiji/.rvm/gems/ruby-1.9.3-p551/gems/actionpack-3.2.18/lib/action_dispatch/middleware/templates/rescues/_request_and_response.erb (0.5ms)
  Rendered /Users/yiji/.rvm/gems/ruby-1.9.3-p551/gems/actionpack-3.2.18/lib/action_dispatch/middleware/templates/rescues/template_error.erb within rescues/layout (5.3ms)


Started GET "/movies?ratings%5BPG%5D=1&ratings%5BPG-13%5D=1&ratings%5BR%5D=1&sort=title" for 127.0.0.1 at 2016-04-03 14:47:32 -0400
  [1m[36mMovie Load (0.1ms)[0m  [1mSELECT rating FROM "movies" GROUP BY rating[0m
Processing by MoviesController#index as HTML
  Parameters: {"ratings"=>{"PG"=>"1", "PG-13"=>"1", "R"=>"1"}, "sort"=>"title"}
  [1m[35mMovie Load (0.2ms)[0m  SELECT "movies".* FROM "movies" ORDER BY title
  Rendered movies/index.html.haml within layouts/application (4.7ms)
Compiled application.css  (0ms)  (pid 73107)
Compiled jquery.js  (1ms)  (pid 73107)
Compiled jquery_ujs.js  (0ms)  (pid 73107)
Compiled application.js  (12ms)  (pid 73107)
Completed 200 OK in 78.5ms (Views: 77.4ms | ActiveRecord: 0.2ms)


Started GET "/assets/jquery.js?body=1" for 127.0.0.1 at 2016-04-03 14:47:32 -0400
Served asset /jquery.js - 304 Not Modified (1ms)


Started GET "/assets/application.css?body=1" for 127.0.0.1 at 2016-04-03 14:47:32 -0400
Served asset /application.css - 200 OK (0ms)


Started GET "/assets/application.js?body=1" for 127.0.0.1 at 2016-04-03 14:47:32 -0400
Served asset /application.js - 200 OK (2ms)


Started GET "/assets/jquery_ujs.js?body=1" for 127.0.0.1 at 2016-04-03 14:47:32 -0400
Served asset /jquery_ujs.js - 304 Not Modified (1ms)


Started GET "/movies?utf8=%E2%9C%93&ratings%5BG%5D=1&ratings%5BPG%5D=1&ratings%5BPG-13%5D=1&ratings%5BR%5D=1&commit=Refresh" for 127.0.0.1 at 2016-04-03 14:47:37 -0400
  [1m[36mMovie Load (0.1ms)[0m  [1mSELECT rating FROM "movies" GROUP BY rating[0m
Processing by MoviesController#index as HTML
  Parameters: {"utf8"=>"✓", "ratings"=>{"G"=>"1", "PG"=>"1", "PG-13"=>"1", "R"=>"1"}, "commit"=>"Refresh"}
Redirected to http://localhost:3000/movies?ratings%5BG%5D=1&ratings%5BPG%5D=1&ratings%5BPG-13%5D=1&ratings%5BR%5D=1&sort=title
  [1m[35mMovie Load (0.1ms)[0m  SELECT "movies".* FROM "movies" ORDER BY title
Completed 302 Found in 0.9ms (ActiveRecord: 0.1ms)


Started GET "/movies?ratings%5BG%5D=1&ratings%5BPG%5D=1&ratings%5BPG-13%5D=1&ratings%5BR%5D=1&sort=title" for 127.0.0.1 at 2016-04-03 14:47:37 -0400
  [1m[36mMovie Load (0.1ms)[0m  [1mSELECT rating FROM "movies" GROUP BY rating[0m
Processing by MoviesController#index as HTML
  Parameters: {"ratings"=>{"G"=>"1", "PG"=>"1", "PG-13"=>"1", "R"=>"1"}, "sort"=>"title"}
  [1m[35mMovie Load (0.1ms)[0m  SELECT "movies".* FROM "movies" ORDER BY title
  Rendered movies/index.html.haml within layouts/application (2.9ms)
Completed 200 OK in 5.5ms (Views: 5.0ms | ActiveRecord: 0.1ms)


Started GET "/assets/jquery.js?body=1" for 127.0.0.1 at 2016-04-03 14:47:37 -0400
Served asset /jquery.js - 304 Not Modified (0ms)


Started GET "/assets/jquery_ujs.js?body=1" for 127.0.0.1 at 2016-04-03 14:47:37 -0400
Served asset /jquery_ujs.js - 304 Not Modified (0ms)


Started GET "/movies?utf8=%E2%9C%93&ratings%5BG%5D=1&ratings%5BPG%5D=1&ratings%5BR%5D=1&commit=Refresh" for 127.0.0.1 at 2016-04-03 14:47:39 -0400
  [1m[36mMovie Load (0.1ms)[0m  [1mSELECT rating FROM "movies" GROUP BY rating[0m
Processing by MoviesController#index as HTML
  Parameters: {"utf8"=>"✓", "ratings"=>{"G"=>"1", "PG"=>"1", "R"=>"1"}, "commit"=>"Refresh"}
Redirected to http://localhost:3000/movies?ratings%5BG%5D=1&ratings%5BPG%5D=1&ratings%5BR%5D=1&sort=title
  [1m[35mMovie Load (0.1ms)[0m  SELECT "movies".* FROM "movies" ORDER BY title
Completed 302 Found in 0.9ms (ActiveRecord: 0.1ms)


Started GET "/movies?ratings%5BG%5D=1&ratings%5BPG%5D=1&ratings%5BR%5D=1&sort=title" for 127.0.0.1 at 2016-04-03 14:47:39 -0400
  [1m[36mMovie Load (0.1ms)[0m  [1mSELECT rating FROM "movies" GROUP BY rating[0m
Processing by MoviesController#index as HTML
  Parameters: {"ratings"=>{"G"=>"1", "PG"=>"1", "R"=>"1"}, "sort"=>"title"}
  [1m[35mMovie Load (0.1ms)[0m  SELECT "movies".* FROM "movies" ORDER BY title
  Rendered movies/index.html.haml within layouts/application (2.6ms)
Completed 200 OK in 5.4ms (Views: 4.8ms | ActiveRecord: 0.1ms)


Started GET "/assets/jquery.js?body=1" for 127.0.0.1 at 2016-04-03 14:47:39 -0400
Served asset /jquery.js - 304 Not Modified (0ms)


Started GET "/assets/jquery_ujs.js?body=1" for 127.0.0.1 at 2016-04-03 14:47:39 -0400
Served asset /jquery_ujs.js - 304 Not Modified (0ms)
